2009-08-06 14:24:22,656  INFO [com.gigaspaces.common.resourceloader] - Loading properties file from: file:/D:/TestingGrid/runtime/GigaSpaces/config/gs.properties
2009-08-06 14:24:22,953  INFO [com.gigaspaces.container] - 

 System Environment: 
	 System:
		 OS Name: Windows XP
		 OS Version: 5.1
		 Architecture: x86
		 Number Of Processors: 2
	 JVM Details:
		 Java Version: 1.5.0_17, Sun Microsystems Inc.
		 Java Runtime: Java(TM) 2 Runtime Environment, Standard Edition (build 1.5.0_17-b04)
		 Java VM: Java HotSpot(TM) Server VM 1.5.0_17-b04, Sun Microsystems Inc.
		 Java Home: C:\Java\jdk1.5.0_17\jre
	 JVM Memory:
		 Max Heap Size (KB): 504896
		 Current Allocated Heap Size (KB): 1612
	 Network Interfaces Information:
		 Host Name: [alex2] 
		 Network Interface Name: lo / MS TCP Loopback interface
		 IP Address: 127.0.0.1
		 Network Interface Name: eth0 / Broadcom NetXtreme 57xx Gigabit Controller - SecuRemote Miniport
		 IP Address: 192.168.10.83
		 Network Interface Name: eth1 / Dell Wireless 1390 WLAN Mini-Card - SecuRemote Miniport
		 IP Address: 192.168.10.26
		 Network Interface Name: eth2 / Check Point Virtual Network Adapter For SecureClient - SecuRemote Miniport
		 Network Interface Name: eth3 / Bluetooth Personal Area Network - SecuRemote Miniport
	 Zones: N/A
	 Process Id: 5224
	 GigaSpaces Platform:
		 Edition: XAP Premium 7.0.0 GA
		 Build: 3500
		 Jar Spec: 1.5
		 Home: D:\TestingGrid\runtime\GigaSpaces\bin\\..\


2009-08-06 14:24:23,015  INFO [com.gigaspaces.container] - Created RMIRegistry on: < ALEX2:10098 >
2009-08-06 14:24:23,031  INFO [com.gigaspaces.container] - Webster HTTP server started successfully serving the following roots: D:\TestingGrid\runtime\GigaSpaces\bin\\..\/lib;D:\TestingGrid\runtime\GigaSpaces\bin\\..\/lib/jini 
 Webster serving on: 192.168.10.83:9813
2009-08-06 14:24:23,484  INFO [com.sun.jini.reggie] - started Reggie: ea13446c-7e15-4f3f-b537-e9996029bc58, [tgrid], jini://ALEX2:4164/
2009-08-06 14:24:25,171  INFO [com.gigaspaces.core.common] - Starting Space [TestingGrid_container:TestingGrid] with url [/./TestingGrid?properties=gs&schema=default&groups=tgrid&state=started] ...
2009-08-06 14:24:25,625  INFO [com.gigaspaces.cache] - Cache manager created with policy [ALL IN CACHE], persistency mode [memory]
2009-08-06 14:24:25,625  INFO [com.gigaspaces.cache] - Data source recovery:
 	Found 0 entries in data source. 
	Inserted to space 0 entries.
	Under transaction - 0  entries.
2009-08-06 14:24:25,703  INFO [com.gigaspaces.core.common] - Space [TestingGrid_container:TestingGrid] with url [/./TestingGrid?properties=gs&schema=default&groups=tgrid&state=started] started successfully
2009-08-06 14:41:51,265  INFO [net.jini.discovery.LookupDiscovery] - exception occurred during unicast discovery to 192.168.9.121:4164 with constraints InvocationConstraints[reqs: {}, prefs: {}]; Caused by: java.net.ConnectException: Connection refused: connect
2009-08-06 14:41:59,328  INFO [net.jini.lookup.JoinManager] - Discarding failed reggie [com.sun.jini.reggie.RegistrarProxy[registrar=5dc25a04-9919-4c18-84e6-93fbadce785e DynamicSmartStub [ImplObjClass: com.sun.jini.reggie.GigaRegistrar, ConnectionURL: NIO://192.168.9.121:56727/pid[6660]/1249558612073125232_1_4964967990130107997, MaxConnPool: 1024 ]]]; Caused by: java.rmi.ConnectException: LRMI transport protocol over NIO broken connection with ServerEndPoint: [NIO://192.168.9.121:56727/pid[6660]/1249558612073125232_1_4964967990130107997]; nested exception is: 
	java.nio.channels.ClosedChannelException
2009-08-06 14:42:18,375  INFO [com.gigaspaces.core.common] - Beginning <TestingGrid_container:TestingGrid> shutdown ...
