2009-08-06 14:47:18,062  INFO [com.gigaspaces.common.resourceloader] - Loading properties file from: file:/D:/TestingGrid/runtime/GigaSpaces/config/gs.properties
2009-08-06 14:47:18,437  INFO [com.gigaspaces.container] - 

 System Environment: 
	 System:
		 OS Name: Windows XP
		 OS Version: 5.1
		 Architecture: x86
		 Number Of Processors: 2
	 JVM Details:
		 Java Version: 1.5.0_17, Sun Microsystems Inc.
		 Java Runtime: Java(TM) 2 Runtime Environment, Standard Edition (build 1.5.0_17-b04)
		 Java VM: Java HotSpot(TM) Server VM 1.5.0_17-b04, Sun Microsystems Inc.
		 Java Home: C:\Java\jdk1.5.0_17\jre
	 JVM Memory:
		 Max Heap Size (KB): 504896
		 Current Allocated Heap Size (KB): 1706
	 Network Interfaces Information:
		 Host Name: [alex2] 
		 Network Interface Name: lo / MS TCP Loopback interface
		 IP Address: 127.0.0.1
		 Network Interface Name: eth0 / Broadcom NetXtreme 57xx Gigabit Controller - SecuRemote Miniport
		 IP Address: 192.168.10.83
		 Network Interface Name: eth1 / Dell Wireless 1390 WLAN Mini-Card - SecuRemote Miniport
		 IP Address: 192.168.10.26
		 Network Interface Name: eth2 / Check Point Virtual Network Adapter For SecureClient - SecuRemote Miniport
		 Network Interface Name: eth3 / Bluetooth Personal Area Network - SecuRemote Miniport
	 Zones: N/A
	 Process Id: 4624
	 GigaSpaces Platform:
		 Edition: XAP Premium 7.0.0 GA
		 Build: 3500
		 Jar Spec: 1.5
		 Home: D:\TestingGrid\runtime\GigaSpaces\bin\\..\


2009-08-06 14:47:18,500  INFO [com.gigaspaces.container] - Created RMIRegistry on: < ALEX2:10098 >
2009-08-06 14:47:18,515  INFO [com.gigaspaces.container] - Webster HTTP server started successfully serving the following roots: D:\TestingGrid\runtime\GigaSpaces\bin\\..\/lib;D:\TestingGrid\runtime\GigaSpaces\bin\\..\/lib/jini 
 Webster serving on: 192.168.10.83:9813
2009-08-06 14:47:18,953  INFO [com.sun.jini.reggie] - started Reggie: 0af23e14-74d4-4b6c-8978-2805f792cb4d, [tgrid], jini://ALEX2:4164/
2009-08-06 14:47:20,640  INFO [com.gigaspaces.core.common] - Starting Space [TestingGrid_container:TestingGrid] with url [/./TestingGrid?properties=gs&schema=default&groups=tgrid&state=started] ...
2009-08-06 14:47:21,062  INFO [com.gigaspaces.cache] - Cache manager created with policy [ALL IN CACHE], persistency mode [memory]
2009-08-06 14:47:21,078  INFO [com.gigaspaces.cache] - Data source recovery:
 	Found 0 entries in data source. 
	Inserted to space 0 entries.
	Under transaction - 0  entries.
2009-08-06 14:47:21,156  INFO [com.gigaspaces.core.common] - Space [TestingGrid_container:TestingGrid] with url [/./TestingGrid?properties=gs&schema=default&groups=tgrid&state=started] started successfully
2009-08-06 14:47:22,875  INFO [com.gigaspaces.core.common] - Beginning <TestingGrid_container:TestingGrid> shutdown ...
